# JRE version: Java(TM) SE Runtime Environment (17.0.12+8) (build 17.0.12+8-LTS-286)
# Java VM: Java HotSpot(TM) 64-Bit Server VM (17.0.12+8-LTS-286, mixed mode, sharing, tiered, compressed oops, compressed class ptrs, g1 gc, windows-amd64)
GC Precious Log:
 CPUs: 12 total, 12 available
 Memory: 16088M
 Large Page Support: Disabled
 NUMA Support: Disabled
 Compressed Oops: Enabled (Zero based)
 Heap Region Size: 2M
 Heap Min Capacity: 8M
 Heap Initial Capacity: 252M
 Heap Max Capacity: 4G
 Pre-touch: Disabled
 Parallel Workers: 10
 Concurrent Workers: 3
 Concurrent Refinement Workers: 10
 Periodic GC: Disabled
Heap:
 garbage-first heap   total 382976K, used 129656K [0x0000000700000000, 0x0000000800000000)
  region size 2048K, 7 young (14336K), 7 survivors (14336K)
 Metaspace       used 98633K, committed 99712K, reserved 1179648K
  class space    used 13509K, committed 14016K, reserved 1048576K
GC Heap History (20 events):
Event: 31.532 GC heap after
{Heap after GC invocations=59 (full 0):
 garbage-first heap   total 382976K, used 117434K [0x0000000700000000, 0x0000000800000000)
  region size 2048K, 3 young (6144K), 3 survivors (6144K)
 Metaspace       used 96048K, committed 97088K, reserved 1179648K
  class space    used 13251K, committed 13760K, reserved 1048576K
}
Event: 32.810 GC heap before
{Heap before GC invocations=59 (full 0):
 garbage-first heap   total 382976K, used 334522K [0x0000000700000000, 0x0000000800000000)
  region size 2048K, 110 young (225280K), 3 survivors (6144K)
 Metaspace       used 96094K, committed 97152K, reserved 1179648K
  class space    used 13259K, committed 13760K, reserved 1048576K
}
Event: 32.812 GC heap after
{Heap after GC invocations=60 (full 0):
 garbage-first heap   total 382976K, used 106885K [0x0000000700000000, 0x0000000800000000)
  region size 2048K, 1 young (2048K), 1 survivors (2048K)
 Metaspace       used 96094K, committed 97152K, reserved 1179648K
  class space    used 13259K, committed 13760K, reserved 1048576K
}
Event: 33.538 GC heap before
{Heap before GC invocations=60 (full 0):
 garbage-first heap   total 382976K, used 334213K [0x0000000700000000, 0x0000000800000000)
  region size 2048K, 112 young (229376K), 1 survivors (2048K)
 Metaspace       used 96094K, committed 97152K, reserved 1179648K
  class space    used 13259K, committed 13760K, reserved 1048576K
}
Event: 33.540 GC heap after
{Heap after GC invocations=61 (full 0):
 garbage-first heap   total 382976K, used 106505K [0x0000000700000000, 0x0000000800000000)
  region size 2048K, 1 young (2048K), 1 survivors (2048K)
 Metaspace       used 96094K, committed 97152K, reserved 1179648K
  class space    used 13259K, committed 13760K, reserved 1048576K
}
Event: 42.672 GC heap before
{Heap before GC invocations=61 (full 0):
 garbage-first heap   total 382976K, used 331785K [0x0000000700000000, 0x0000000800000000)
  region size 2048K, 112 young (229376K), 1 survivors (2048K)
 Metaspace       used 98452K, committed 99520K, reserved 1179648K
  class space    used 13504K, committed 14016K, reserved 1048576K
}
Event: 42.693 GC heap after
{Heap after GC invocations=62 (full 0):
 garbage-first heap   total 382976K, used 117128K [0x0000000700000000, 0x0000000800000000)
  region size 2048K, 6 young (12288K), 6 survivors (12288K)
 Metaspace       used 98452K, committed 99520K, reserved 1179648K
  class space    used 13504K, committed 14016K, reserved 1048576K
}
Event: 46.509 GC heap before
{Heap before GC invocations=62 (full 0):
 garbage-first heap   total 382976K, used 323976K [0x0000000700000000, 0x0000000800000000)
  region size 2048K, 108 young (221184K), 6 survivors (12288K)
 Metaspace       used 98567K, committed 99648K, reserved 1179648K
  class space    used 13505K, committed 14016K, reserved 1048576K
}
Event: 46.525 GC heap after
{Heap after GC invocations=63 (full 0):
 garbage-first heap   total 382976K, used 126624K [0x0000000700000000, 0x0000000800000000)
  region size 2048K, 11 young (22528K), 11 survivors (22528K)
 Metaspace       used 98567K, committed 99648K, reserved 1179648K
  class space    used 13505K, committed 14016K, reserved 1048576K
}
Event: 47.419 GC heap before
{Heap before GC invocations=63 (full 0):
 garbage-first heap   total 382976K, used 317088K [0x0000000700000000, 0x0000000800000000)
  region size 2048K, 105 young (215040K), 11 survivors (22528K)
 Metaspace       used 98583K, committed 99648K, reserved 1179648K
  class space    used 13506K, committed 14016K, reserved 1048576K
}
Event: 47.435 GC heap after
{Heap after GC invocations=64 (full 0):
 garbage-first heap   total 382976K, used 126337K [0x0000000700000000, 0x0000000800000000)
  region size 2048K, 6 young (12288K), 6 survivors (12288K)
 Metaspace       used 98583K, committed 99648K, reserved 1179648K
  class space    used 13506K, committed 14016K, reserved 1048576K
}
Event: 47.855 GC heap before
{Heap before GC invocations=64 (full 0):
 garbage-first heap   total 382976K, used 322945K [0x0000000700000000, 0x0000000800000000)
  region size 2048K, 103 young (210944K), 6 survivors (12288K)
 Metaspace       used 98592K, committed 99648K, reserved 1179648K
  class space    used 13506K, committed 14016K, reserved 1048576K
}
Event: 47.868 GC heap after
{Heap after GC invocations=65 (full 0):
 garbage-first heap   total 382976K, used 128146K [0x0000000700000000, 0x0000000800000000)
  region size 2048K, 6 young (12288K), 6 survivors (12288K)
 Metaspace       used 98592K, committed 99648K, reserved 1179648K
  class space    used 13506K, committed 14016K, reserved 1048576K
}
Event: 48.183 GC heap before
{Heap before GC invocations=65 (full 0):
 garbage-first heap   total 382976K, used 324754K [0x0000000700000000, 0x0000000800000000)
  region size 2048K, 103 young (210944K), 6 survivors (12288K)
 Metaspace       used 98619K, committed 99712K, reserved 1179648K
  class space    used 13509K, committed 14016K, reserved 1048576K
}
Event: 48.196 GC heap after
{Heap after GC invocations=66 (full 0):
 garbage-first heap   total 382976K, used 128427K [0x0000000700000000, 0x0000000800000000)
  region size 2048K, 7 young (14336K), 7 survivors (14336K)
 Metaspace       used 98619K, committed 99712K, reserved 1179648K
  class space    used 13509K, committed 14016K, reserved 1048576K
}
Event: 48.481 GC heap before
{Heap before GC invocations=66 (full 0):
 garbage-first heap   total 382976K, used 325035K [0x0000000700000000, 0x0000000800000000)
  region size 2048K, 104 young (212992K), 7 survivors (14336K)
 Metaspace       used 98631K, committed 99712K, reserved 1179648K
  class space    used 13509K, committed 14016K, reserved 1048576K
}
Event: 48.494 GC heap after
{Heap after GC invocations=67 (full 0):
 garbage-first heap   total 382976K, used 128279K [0x0000000700000000, 0x0000000800000000)
  region size 2048K, 7 young (14336K), 7 survivors (14336K)
 Metaspace       used 98631K, committed 99712K, reserved 1179648K
  class space    used 13509K, committed 14016K, reserved 1048576K
}
Event: 48.810 GC heap before
{Heap before GC invocations=67 (full 0):
 garbage-first heap   total 382976K, used 324887K [0x0000000700000000, 0x0000000800000000)
  region size 2048K, 104 young (212992K), 7 survivors (14336K)
 Metaspace       used 98632K, committed 99712K, reserved 1179648K
  class space    used 13509K, committed 14016K, reserved 1048576K
}
Event: 48.823 GC heap after
{Heap after GC invocations=68 (full 0):
 garbage-first heap   total 382976K, used 128433K [0x0000000700000000, 0x0000000800000000)
  region size 2048K, 7 young (14336K), 7 survivors (14336K)
 Metaspace       used 98632K, committed 99712K, reserved 1179648K
  class space    used 13509K, committed 14016K, reserved 1048576K
}
Event: 49.834 GC heap before
{Heap before GC invocations=68 (full 0):
 garbage-first heap   total 382976K, used 325041K [0x0000000700000000, 0x0000000800000000)
  region size 2048K, 104 young (212992K), 7 survivors (14336K)
 Metaspace       used 98633K, committed 99712K, reserved 1179648K
  class space    used 13509K, committed 14016K, reserved 1048576K
}

