# JRE version: Java(TM) SE Runtime Environment (17.0.12+8) (build 17.0.12+8-LTS-286)
# Java VM: Java HotSpot(TM) 64-Bit Server VM (17.0.12+8-LTS-286, mixed mode, sharing, tiered, compressed oops, compressed class ptrs, g1 gc, windows-amd64)
GC Precious Log:
 CPUs: 12 total, 12 available
 Memory: 16088M
 Large Page Support: Disabled
 NUMA Support: Disabled
 Compressed Oops: Enabled (Zero based)
 Heap Region Size: 2M
 Heap Min Capacity: 8M
 Heap Initial Capacity: 252M
 Heap Max Capacity: 4G
 Pre-touch: Disabled
 Parallel Workers: 10
 Concurrent Workers: 3
 Concurrent Refinement Workers: 10
 Periodic GC: Disabled
Heap:
 garbage-first heap   total 104448K, used 74121K [0x0000000700000000, 0x0000000800000000)
  region size 2048K, 20 young (40960K), 3 survivors (6144K)
 Metaspace       used 58036K, committed 58752K, reserved 1114112K
  class space    used 8293K, committed 8640K, reserved 1048576K
GC Heap History (20 events):
Event: 2.313 GC heap before
{Heap before GC invocations=2 (full 0):
 garbage-first heap   total 258048K, used 121467K [0x0000000700000000, 0x0000000800000000)
  region size 2048K, 57 young (116736K), 1 survivors (2048K)
 Metaspace       used 21217K, committed 21504K, reserved 1114112K
  class space    used 3162K, committed 3328K, reserved 1048576K
}
Event: 2.319 GC heap after
{Heap after GC invocations=3 (full 0):
 garbage-first heap   total 258048K, used 21774K [0x0000000700000000, 0x0000000800000000)
  region size 2048K, 6 young (12288K), 6 survivors (12288K)
 Metaspace       used 21217K, committed 21504K, reserved 1114112K
  class space    used 3162K, committed 3328K, reserved 1048576K
}
Event: 2.946 GC heap before
{Heap before GC invocations=4 (full 0):
 garbage-first heap   total 81920K, used 64782K [0x0000000700000000, 0x0000000800000000)
  region size 2048K, 28 young (57344K), 6 survivors (12288K)
 Metaspace       used 30310K, committed 30656K, reserved 1114112K
  class space    used 4306K, committed 4480K, reserved 1048576K
}
Event: 2.953 GC heap after
{Heap after GC invocations=5 (full 0):
 garbage-first heap   total 86016K, used 27441K [0x0000000700000000, 0x0000000800000000)
  region size 2048K, 3 young (6144K), 3 survivors (6144K)
 Metaspace       used 30310K, committed 30656K, reserved 1114112K
  class space    used 4306K, committed 4480K, reserved 1048576K
}
Event: 3.178 GC heap before
{Heap before GC invocations=5 (full 0):
 garbage-first heap   total 86016K, used 60209K [0x0000000700000000, 0x0000000800000000)
  region size 2048K, 19 young (38912K), 3 survivors (6144K)
 Metaspace       used 32228K, committed 32576K, reserved 1114112K
  class space    used 4469K, committed 4608K, reserved 1048576K
}
Event: 3.181 GC heap after
{Heap after GC invocations=6 (full 0):
 garbage-first heap   total 86016K, used 29580K [0x0000000700000000, 0x0000000800000000)
  region size 2048K, 2 young (4096K), 2 survivors (4096K)
 Metaspace       used 32228K, committed 32576K, reserved 1114112K
  class space    used 4469K, committed 4608K, reserved 1048576K
}
Event: 3.410 GC heap before
{Heap before GC invocations=6 (full 0):
 garbage-first heap   total 86016K, used 60300K [0x0000000700000000, 0x0000000800000000)
  region size 2048K, 17 young (34816K), 2 survivors (4096K)
 Metaspace       used 33923K, committed 34368K, reserved 1114112K
  class space    used 4724K, committed 4928K, reserved 1048576K
}
Event: 3.412 GC heap after
{Heap after GC invocations=7 (full 0):
 garbage-first heap   total 86016K, used 31502K [0x0000000700000000, 0x0000000800000000)
  region size 2048K, 1 young (2048K), 1 survivors (2048K)
 Metaspace       used 33923K, committed 34368K, reserved 1114112K
  class space    used 4724K, committed 4928K, reserved 1048576K
}
Event: 3.561 GC heap before
{Heap before GC invocations=7 (full 0):
 garbage-first heap   total 86016K, used 45838K [0x0000000700000000, 0x0000000800000000)
  region size 2048K, 10 young (20480K), 1 survivors (2048K)
 Metaspace       used 35535K, committed 35968K, reserved 1114112K
  class space    used 4882K, committed 5120K, reserved 1048576K
}
Event: 3.563 GC heap after
{Heap after GC invocations=8 (full 0):
 garbage-first heap   total 104448K, used 31951K [0x0000000700000000, 0x0000000800000000)
  region size 2048K, 2 young (4096K), 2 survivors (4096K)
 Metaspace       used 35535K, committed 35968K, reserved 1114112K
  class space    used 4882K, committed 5120K, reserved 1048576K
}
Event: 4.112 GC heap before
{Heap before GC invocations=9 (full 0):
 garbage-first heap   total 104448K, used 77007K [0x0000000700000000, 0x0000000800000000)
  region size 2048K, 24 young (49152K), 2 survivors (4096K)
 Metaspace       used 41381K, committed 41920K, reserved 1114112K
  class space    used 5805K, committed 6080K, reserved 1048576K
}
Event: 4.114 GC heap after
{Heap after GC invocations=10 (full 0):
 garbage-first heap   total 104448K, used 34762K [0x0000000700000000, 0x0000000800000000)
  region size 2048K, 3 young (6144K), 3 survivors (6144K)
 Metaspace       used 41381K, committed 41920K, reserved 1114112K
  class space    used 5805K, committed 6080K, reserved 1048576K
}
Event: 4.128 GC heap before
{Heap before GC invocations=10 (full 0):
 garbage-first heap   total 104448K, used 36810K [0x0000000700000000, 0x0000000800000000)
  region size 2048K, 4 young (8192K), 3 survivors (6144K)
 Metaspace       used 41575K, committed 42112K, reserved 1114112K
  class space    used 5838K, committed 6080K, reserved 1048576K
}
Event: 4.131 GC heap after
{Heap after GC invocations=11 (full 0):
 garbage-first heap   total 104448K, used 35067K [0x0000000700000000, 0x0000000800000000)
  region size 2048K, 1 young (2048K), 1 survivors (2048K)
 Metaspace       used 41575K, committed 42112K, reserved 1114112K
  class space    used 5838K, committed 6080K, reserved 1048576K
}
Event: 4.880 GC heap before
{Heap before GC invocations=11 (full 0):
 garbage-first heap   total 104448K, used 80123K [0x0000000700000000, 0x0000000800000000)
  region size 2048K, 23 young (47104K), 1 survivors (2048K)
 Metaspace       used 47046K, committed 47616K, reserved 1114112K
  class space    used 6581K, committed 6848K, reserved 1048576K
}
Event: 4.882 GC heap after
{Heap after GC invocations=12 (full 0):
 garbage-first heap   total 104448K, used 36400K [0x0000000700000000, 0x0000000800000000)
  region size 2048K, 2 young (4096K), 2 survivors (4096K)
 Metaspace       used 47046K, committed 47616K, reserved 1114112K
  class space    used 6581K, committed 6848K, reserved 1048576K
}
Event: 5.798 GC heap before
{Heap before GC invocations=12 (full 0):
 garbage-first heap   total 104448K, used 77360K [0x0000000700000000, 0x0000000800000000)
  region size 2048K, 23 young (47104K), 2 survivors (4096K)
 Metaspace       used 51414K, committed 51968K, reserved 1114112K
  class space    used 7230K, committed 7488K, reserved 1048576K
}
Event: 5.801 GC heap after
{Heap after GC invocations=13 (full 0):
 garbage-first heap   total 104448K, used 38545K [0x0000000700000000, 0x0000000800000000)
  region size 2048K, 3 young (6144K), 3 survivors (6144K)
 Metaspace       used 51414K, committed 51968K, reserved 1114112K
  class space    used 7230K, committed 7488K, reserved 1048576K
}
Event: 7.035 GC heap before
{Heap before GC invocations=13 (full 0):
 garbage-first heap   total 104448K, used 81553K [0x0000000700000000, 0x0000000800000000)
  region size 2048K, 24 young (49152K), 3 survivors (6144K)
 Metaspace       used 55056K, committed 55616K, reserved 1114112K
  class space    used 7872K, committed 8128K, reserved 1048576K
}
Event: 7.040 GC heap after
{Heap after GC invocations=14 (full 0):
 garbage-first heap   total 104448K, used 41353K [0x0000000700000000, 0x0000000800000000)
  region size 2048K, 3 young (6144K), 3 survivors (6144K)
 Metaspace       used 55056K, committed 55616K, reserved 1114112K
  class space    used 7872K, committed 8128K, reserved 1048576K
}

