<?xml version="1.0" encoding="UTF-8"?>
<testsuite xmlns:xsi="http://www.w3.org/2001/XMLSchema-instance" xsi:noNamespaceSchemaLocation="https://maven.apache.org/surefire/maven-surefire-plugin/xsd/surefire-test-report.xsd" version="3.0.2" name="com.lucy.lms.DatabaseConnectionTest" time="0.013" tests="1" errors="0" skipped="1" failures="0" flakes="0">
  <properties/>
  <testcase name="connectsToConfiguredDatabase" classname="com.lucy.lms.DatabaseConnectionTest" time="0.0">
    <skipped message="System property [lucy.db.test.enabled] does not exist"/>
  </testcase>
</testsuite>