<?xml version="1.0" encoding="UTF-8"?>
<testsuite xmlns:xsi="http://www.w3.org/2001/XMLSchema-instance" xsi:noNamespaceSchemaLocation="https://maven.apache.org/surefire/maven-surefire-plugin/xsd/surefire-test-report.xsd" version="3.0.2" name="com.lucy.lms.LucyContentLmsApplicationTests" time="25.377" tests="1" errors="0" skipped="0" failures="0" flakes="0">
  <properties>
[...]
</properties>
  <testcase name="contextLoads" classname="com.lucy.lms.LucyContentLmsApplicationTests" time="1.859">
    <system-out><![CDATA[22:01:27.699 [main] INFO org.springframework.test.context.support.AnnotationConfigContextLoaderUtils -- Could not detect default configuration classes for test class [com.lucy.lms.LucyContentLmsApplicationTests]: LucyContentLmsApplicationTests does not declare any static, non-private, non-final, nested classes annotated with @Configuration.
22:01:28.357 [main] INFO org.springframework.boot.test.context.SpringBootTestContextBootstrapper -- Found @SpringBootConfiguration com.lucy.lms.LucyContentLmsApplication for test class com.lucy.lms.LucyContentLmsApplicationTests
22:01:28.726 [main] INFO org.springframework.test.context.support.AnnotationConfigContextLoaderUtils -- Could not detect default configuration classes for test class [com.lucy.lms.LucyContentLmsApplicationTests]: LucyContentLmsApplicationTests does not declare any static, non-private, non-final, nested classes annotated with @Configuration.
22:01:28.731 [main] INFO org.springframework.boot.test.context.SpringBootTestContextBootstrapper -- Found @SpringBootConfiguration com.lucy.lms.LucyContentLmsApplication for test class com.lucy.lms.LucyContentLmsApplicationTests
22:01:29.064 [main] INFO org.springframework.boot.devtools.restart.RestartApplicationListener -- Restart disabled due to context in which it is running

  .   ____          _            __ _ _
 /\\ / ___'_ __ _ _(_)_ __  __ _ \ \ \ \
( ( )\___ | '_ | '_| | '_ \/ _` | \ \ \ \
 \\/  ___)| |_)| | | | | || (_| |  ) ) ) )
  '  |____| .__|_| |_|_| |_\__, | / / / /
 =========|_|==============|___/=/_/_/_/

 :: Spring Boot ::                (v4.0.6)

2026-06-05T22:01:30.042+07:00  INFO 6528 --- [           main] c.l.lms.LucyContentLmsApplicationTests   : Starting LucyContentLmsApplicationTests using Java 25.0.3 with PID 6528 (started by laptop in D:\lucy project\LucyProject\services\lucy-content-lms-java)
2026-06-05T22:01:30.046+07:00  INFO 6528 --- [           main] c.l.lms.LucyContentLmsApplicationTests   : No active profile set, falling back to 1 default profile: "default"
2026-06-05T22:01:35.975+07:00  INFO 6528 --- [           main] .s.d.r.c.RepositoryConfigurationDelegate : Bootstrapping Spring Data JPA repositories in DEFAULT mode.
2026-06-05T22:01:36.446+07:00  INFO 6528 --- [           main] .s.d.r.c.RepositoryConfigurationDelegate : Finished Spring Data repository scanning in 429 ms. Found 21 JPA repository interfaces.
2026-06-05T22:01:38.581+07:00  INFO 6528 --- [           main] org.hibernate.orm.jpa                    : HHH008540: Processing PersistenceUnitInfo [name: default]
2026-06-05T22:01:38.916+07:00  INFO 6528 --- [           main] org.hibernate.orm.core                   : HHH000001: Hibernate ORM core version 7.2.12.Final
2026-06-05T22:01:41.014+07:00  INFO 6528 --- [           main] o.s.o.j.p.SpringPersistenceUnitInfo      : No LoadTimeWeaver setup: ignoring JPA class transformer
2026-06-05T22:01:41.131+07:00  INFO 6528 --- [           main] com.zaxxer.hikari.HikariDataSource       : HikariPool-1 - Starting...
2026-06-05T22:01:41.766+07:00  INFO 6528 --- [           main] com.zaxxer.hikari.pool.HikariPool        : HikariPool-1 - Added connection conn0: url=jdbc:h2:mem:lucy_test user=SA
2026-06-05T22:01:41.770+07:00  INFO 6528 --- [           main] com.zaxxer.hikari.HikariDataSource       : HikariPool-1 - Start completed.
2026-06-05T22:01:41.954+07:00  INFO 6528 --- [           main] org.hibernate.orm.connections.pooling    : HHH10001005: Database info:
	Database JDBC URL [jdbc:h2:mem:lucy_test]
	Database driver: H2 JDBC Driver
	Database dialect: H2Dialect
	Database version: 2.4.240
	Default catalog/schema: lucy_test/public
	Autocommit mode: undefined/unknown
	Isolation level: READ_COMMITTED [default READ_COMMITTED]
	JDBC fetch size: 100
	Pool: DataSourceConnectionProvider
	Minimum pool size: undefined/unknown
	Maximum pool size: undefined/unknown
2026-06-05T22:01:45.201+07:00  INFO 6528 --- [           main] org.hibernate.orm.core                   : HHH000489: No JTA platform available (set 'hibernate.transaction.jta.platform' to enable JTA platform integration)
2026-06-05T22:01:45.219+07:00  INFO 6528 --- [           main] j.LocalContainerEntityManagerFactoryBean : Initialized JPA EntityManagerFactory for persistence unit 'default'
2026-06-05T22:01:45.508+07:00  INFO 6528 --- [           main] o.s.d.j.r.query.QueryEnhancerFactories   : Hibernate is in classpath; If applicable, HQL parser will be used.
2026-06-05T22:01:49.624+07:00  INFO 6528 --- [           main] o.s.b.a.e.web.EndpointLinksResolver      : Exposing 1 endpoint beneath base path '/actuator'
2026-06-05T22:01:49.863+07:00  INFO 6528 --- [           main] c.l.lms.LucyContentLmsApplicationTests   : Started LucyContentLmsApplicationTests in 20.852 seconds (process running for 26.819)
]]></system-out>
    <system-err><![CDATA[Mockito is currently self-attaching to enable the inline-mock-maker. This will no longer work in future releases of the JDK. Please add Mockito as an agent to your build as described in Mockito's documentation: https://javadoc.io/doc/org.mockito/mockito-core/latest/org.mockito/org/mockito/Mockito.html#0.3
WARNING: A Java agent has been loaded dynamically (C:\Users\laptop\.m2\repository\net\bytebuddy\byte-buddy-agent\1.17.8\byte-buddy-agent-1.17.8.jar)
WARNING: If a serviceability tool is in use, please run with -XX:+EnableDynamicAgentLoading to hide this warning
WARNING: If a serviceability tool is not in use, please run with -Djdk.instrument.traceUsage for more information
WARNING: Dynamic loading of agents will be disallowed by default in a future release
]]></system-err>
  </testcase>
</testsuite>